[2026-06-02T12:52:32.732Z [INFO] [user_service]: Connected to Redis]
[2026-06-02T12:52:32.755Z [INFO] [user_service]: user_service is running on port 3000]
[2026-06-02T12:52:32.762Z [WARN] [user_service]: Redis client is ready]
[2026-06-02T12:56:20.418Z [INFO] [user_service]: [POST] /api/v1/auth/login - status: 200 - 167ms]
[2026-06-02T12:59:35.618Z [INFO] [user_service]: [POST] /api/v1/auth/verify-otp - status: 400 - 2ms]
[2026-06-02T12:59:52.232Z [INFO] [user_service]: [POST] /api/v1/auth/send-otp - status: 409 - 11ms]
[2026-06-02T13:01:13.281Z [INFO] [user_service]: [POST] /api/v1/auth/send-otp - status: 500 - 177ms]
[2026-06-02T13:02:20.713Z [INFO] [user_service]: Connected to Redis]
[2026-06-02T13:02:20.761Z [INFO] [user_service]: user_service is running on port 3000]
[2026-06-02T13:02:20.774Z [WARN] [user_service]: Redis client is ready]
[2026-06-02T13:02:36.380Z [INFO] [user_service]: Connected to Redis]
[2026-06-02T13:02:36.407Z [INFO] [user_service]: user_service is running on port 3000]
[2026-06-02T13:02:36.411Z [WARN] [user_service]: Redis client is ready]
[2026-06-02T13:02:40.641Z [INFO] [user_service]: Kafka producer connected]
[2026-06-02T13:02:40.642Z [INFO] [user_service]: Producer initialized successfully for the notification]
[2026-06-02T13:02:40.644Z [ERROR] [user_service]: Failed to send message to kafka topic: notification.otp-email]
[2026-06-02T13:02:40.655Z [INFO] [user_service]: [POST] /api/v1/auth/send-otp - status: 500 - 591ms]
[2026-06-02T13:03:12.967Z [INFO] [user_service]: Connected to Redis]
[2026-06-02T13:03:12.999Z [INFO] [user_service]: user_service is running on port 3000]
[2026-06-02T13:03:13.002Z [WARN] [user_service]: Redis client is ready]
[2026-06-02T13:04:22.123Z [INFO] [user_service]: Connected to Redis]
[2026-06-02T13:04:22.149Z [INFO] [user_service]: user_service is running on port 3000]
[2026-06-02T13:04:22.153Z [WARN] [user_service]: Redis client is ready]
[2026-06-02T13:04:25.915Z [INFO] [user_service]: Kafka producer connected]
[2026-06-02T13:04:25.916Z [INFO] [user_service]: Producer initialized successfully for the notification]
[2026-06-02T13:04:25.919Z [ERROR] [user_service]: Failed to send message to kafka topic: notification.otp-email]
[2026-06-02T13:04:25.932Z [INFO] [user_service]: [POST] /api/v1/auth/send-otp - status: 500 - 302ms]
[2026-06-02T13:06:29.505Z [INFO] [user_service]: Connected to Redis]
[2026-06-02T13:06:29.531Z [INFO] [user_service]: user_service is running on port 3000]
[2026-06-02T13:06:29.536Z [WARN] [user_service]: Redis client is ready]
[2026-06-02T13:06:52.228Z [INFO] [user_service]: Connected to Redis]
[2026-06-02T13:06:52.255Z [INFO] [user_service]: user_service is running on port 3000]
[2026-06-02T13:06:52.259Z [WARN] [user_service]: Redis client is ready]
[2026-06-02T13:06:54.603Z [INFO] [user_service]: Kafka producer connected]
[2026-06-02T13:06:54.604Z [INFO] [user_service]: Producer initialized successfully for the notification]
[2026-06-02T13:06:54.608Z [ERROR] [user_service]: Failed to send message to kafka topic: notification-otp-email]
[2026-06-02T13:06:54.623Z [INFO] [user_service]: [POST] /api/v1/auth/send-otp - status: 500 - 330ms]
[2026-06-02T13:07:33.113Z [INFO] [user_service]: Connected to Redis]
[2026-06-02T13:07:33.138Z [INFO] [user_service]: user_service is running on port 3000]
[2026-06-02T13:07:33.143Z [WARN] [user_service]: Redis client is ready]
[2026-06-02T13:07:38.391Z [INFO] [user_service]: Connected to Redis]
[2026-06-02T13:07:38.428Z [INFO] [user_service]: user_service is running on port 3000]
[2026-06-02T13:07:38.434Z [WARN] [user_service]: Redis client is ready]
[2026-06-02T13:07:42.847Z [INFO] [user_service]: Kafka producer connected]
[2026-06-02T13:07:42.848Z [INFO] [user_service]: Producer initialized successfully for the notification]
[2026-06-02T13:07:42.853Z [ERROR] [user_service]: Failed to send message to kafka topic: notification-otp-email]
[2026-06-02T13:07:42.864Z [INFO] [user_service]: [POST] /api/v1/auth/send-otp - status: 500 - 301ms]
[2026-06-02T13:10:01.569Z [INFO] [user_service]: Connected to Redis]
[2026-06-02T13:10:01.602Z [INFO] [user_service]: user_service is running on port 3000]
[2026-06-02T13:10:01.610Z [WARN] [user_service]: Redis client is ready]
[2026-06-02T13:10:14.570Z [INFO] [user_service]: [POST] /api/v1/auth/send-otp - status: 429 - 258ms]
[2026-06-02T13:11:06.229Z [INFO] [user_service]: Kafka producer connected]
[2026-06-02T13:11:06.230Z [INFO] [user_service]: Producer initialized successfully for the notification]
[2026-06-02T13:11:07.027Z [INFO] [user_service]: Message sent to kafka topic:notification-otp-email]
[2026-06-02T13:11:07.031Z [INFO] [user_service]: [POST] /api/v1/auth/send-otp - status: 200 - 1079ms]
[2026-06-02T13:16:06.875Z [INFO] [user_service]: Connected to Redis]
[2026-06-02T13:16:06.902Z [INFO] [user_service]: user_service is running on port 3000]
[2026-06-02T13:16:06.907Z [WARN] [user_service]: Redis client is ready]
[2026-06-02T13:16:36.975Z [INFO] [user_service]: Connected to Redis]
[2026-06-02T13:16:37.012Z [INFO] [user_service]: user_service is running on port 3000]
[2026-06-02T13:16:37.018Z [WARN] [user_service]: Redis client is ready]
[2026-06-02T13:19:54.937Z [INFO] [user_service]: Kafka producer connected]
[2026-06-02T13:19:54.938Z [INFO] [user_service]: Producer initialized successfully for the notification]
[2026-06-02T13:19:54.989Z [INFO] [user_service]: Message sent to kafka topic:notification-otp-email]
[2026-06-02T13:19:54.995Z [INFO] [user_service]: [POST] /api/v1/auth/send-otp - status: 200 - 398ms]
[2026-06-02T13:21:15.478Z [INFO] [user_service]: Message sent to kafka topic:notification-otp-email]
[2026-06-02T13:21:15.482Z [INFO] [user_service]: [POST] /api/v1/auth/send-otp - status: 200 - 227ms]
[2026-06-02T13:27:40.540Z [INFO] [user_service]: Message sent to kafka topic:notification-otp-email]
[2026-06-02T13:27:40.544Z [INFO] [user_service]: [POST] /api/v1/auth/send-otp - status: 200 - 242ms]
[2026-06-02T13:29:06.666Z [INFO] [user_service]: Message sent to kafka topic:notification-otp-email]
[2026-06-02T13:29:06.668Z [INFO] [user_service]: [POST] /api/v1/auth/send-otp - status: 200 - 222ms]
